<?xml version="1.0" encoding="UTF-8"?>
<!-- Generated by org.testng.reporters.JUnitReportReporter -->
<testsuite skipped="0" hostname="TH1716" name="regular_expression.Example7" tests="1" failures="0" timestamp="18 Sep 2018 11:17:57 GMT" time="0.009" errors="0">
  <testcase name="test1" time="0.009" classname="regular_expression.Example7"/>
</testsuite> <!-- regular_expression.Example7 -->
