<?xml version="1.0" encoding="UTF-8"?>
<!-- Generated by org.testng.reporters.JUnitReportReporter -->
<testsuite skipped="0" hostname="TH1716" name="string_example.Reverse_Retaining_Space_position" tests="1" failures="0" timestamp="27 Sep 2018 05:47:03 GMT" time="0.008" errors="0">
  <testcase name="test2" time="0.008" classname="string_example.Reverse_Retaining_Space_position"/>
</testsuite> <!-- string_example.Reverse_Retaining_Space_position -->
