<?xml version="1.0" encoding="UTF-8"?>
<!-- Generated by org.testng.reporters.JUnitReportReporter -->
<testsuite skipped="0" hostname="TH1716" name="pattern.Example_1" tests="1" failures="0" timestamp="08 Oct 2018 04:41:03 GMT" time="0.007" errors="0">
  <testcase name="test1" time="0.007" classname="pattern.Example_1"/>
</testsuite> <!-- pattern.Example_1 -->
