<?xml version="1.0" encoding="UTF-8"?>
<!-- Generated by org.testng.reporters.JUnitReportReporter -->
<testsuite skipped="0" hostname="TH1716" name="collections_examples.Map_Example1" tests="1" failures="0" timestamp="28 Sep 2018 07:17:11 GMT" time="0.008" errors="0">
  <testcase name="test1" time="0.008" classname="collections_examples.Map_Example1"/>
</testsuite> <!-- collections_examples.Map_Example1 -->
