<?xml version="1.0" encoding="UTF-8"?>
<!-- Generated by org.testng.reporters.JUnitReportReporter -->
<testsuite skipped="0" hostname="TH1716" name="regular_expression.Example4" tests="2" failures="0" timestamp="18 Sep 2018 10:48:12 GMT" time="0.012" errors="0">
  <testcase name="test1" time="0.009" classname="regular_expression.Example4"/>
  <testcase name="test2" time="0.003" classname="regular_expression.Example4"/>
</testsuite> <!-- regular_expression.Example4 -->
