<?xml version="1.0" encoding="UTF-8"?>
<!-- Generated by org.testng.reporters.JUnitReportReporter -->
<testsuite skipped="0" hostname="TH1716" name="string_example.Longest_Substring" tests="1" failures="0" timestamp="11 Oct 2018 06:50:57 GMT" time="0.007" errors="0">
  <testcase name="test1" time="0.007" classname="string_example.Longest_Substring"/>
</testsuite> <!-- string_example.Longest_Substring -->
