<?xml version="1.0" encoding="UTF-8"?>
<!-- Generated by org.testng.reporters.JUnitReportReporter -->
<testsuite skipped="0" hostname="TH1716" name="string_prg_SG.Example4" tests="1" failures="0" timestamp="26 Sep 2018 05:40:51 GMT" time="0.007" errors="0">
  <testcase name="test7" time="0.007" classname="string_prg_SG.Example4"/>
</testsuite> <!-- string_prg_SG.Example4 -->
