<?xml version="1.0" encoding="UTF-8"?>
<!-- Generated by org.testng.reporters.JUnitReportReporter -->
<testsuite skipped="0" hostname="TH1716" name="general.Sum_All_Digit" tests="1" failures="0" timestamp="25 Sep 2018 05:57:55 GMT" time="0.009" errors="0">
  <testcase name="test1" time="0.009" classname="general.Sum_All_Digit"/>
</testsuite> <!-- general.Sum_All_Digit -->
