<?xml version="1.0" encoding="UTF-8"?>
<!-- Generated by org.testng.reporters.JUnitReportReporter -->
<testsuite skipped="1" hostname="TH1716" name="testng_examples.Skip_Exception_Example" tests="1" failures="0" timestamp="04 Oct 2018 06:48:56 GMT" time="0.008" errors="0">
  <testcase name="test1" time="0.008" classname="testng_examples.Skip_Exception_Example">
    <skipped/>
  </testcase> <!-- test1 -->
</testsuite> <!-- testng_examples.Skip_Exception_Example -->
