<?xml version="1.0" encoding="UTF-8"?>
<!-- Generated by org.testng.reporters.JUnitReportReporter -->
<testsuite skipped="0" hostname="TH1716" name="regular_expression.Example3" tests="1" failures="0" timestamp="18 Sep 2018 09:37:55 GMT" time="0.007" errors="0">
  <testcase name="test2" time="0.007" classname="regular_expression.Example3"/>
</testsuite> <!-- regular_expression.Example3 -->
