<?xml version="1.0" encoding="UTF-8"?>
<!-- Generated by org.testng.reporters.JUnitReportReporter -->
<testsuite skipped="0" hostname="TH1716" name="testng_examples.Expected_Exception" tests="1" failures="0" timestamp="04 Oct 2018 05:34:58 GMT" time="0.009" errors="0">
  <testcase name="test1" time="0.009" classname="testng_examples.Expected_Exception"/>
</testsuite> <!-- testng_examples.Expected_Exception -->
