<?xml version="1.0" encoding="UTF-8"?>
<!-- Generated by org.testng.reporters.JUnitReportReporter -->
<testsuite skipped="0" hostname="TH1716" name="array_examples.Bubble_Sort" tests="1" failures="0" timestamp="10 Oct 2018 06:20:37 GMT" time="0.007" errors="0">
  <testcase name="test1" time="0.007" classname="array_examples.Bubble_Sort"/>
</testsuite> <!-- array_examples.Bubble_Sort -->
