<?xml version="1.0" encoding="UTF-8"?>
<!-- Generated by org.testng.reporters.JUnitReportReporter -->
<testsuite skipped="0" hostname="TH1716" name="testng_examples.Example_1" tests="3" failures="0" timestamp="04 Oct 2018 04:22:27 GMT" time="0.013" errors="0">
  <testcase name="test1" time="0.009" classname="testng_examples.Example_1"/>
  <testcase name="test3" time="0.002" classname="testng_examples.Example_1"/>
  <testcase name="test2" time="0.002" classname="testng_examples.Example_1"/>
</testsuite> <!-- testng_examples.Example_1 -->
