<?xml version="1.0" encoding="UTF-8"?>
<!-- Generated by org.testng.reporters.JUnitReportReporter -->
<testsuite skipped="0" hostname="TH1716" name="string_example.Duplicate_Elements" tests="1" failures="0" timestamp="10 Oct 2018 11:53:36 GMT" time="0.007" errors="0">
  <testcase name="test2" time="0.007" classname="string_example.Duplicate_Elements"/>
</testsuite> <!-- string_example.Duplicate_Elements -->
