<?xml version="1.0" encoding="UTF-8"?>
<!-- Generated by org.testng.reporters.JUnitReportReporter -->
<testsuite skipped="0" hostname="TH1716" name="testng_examples.Regular_Expression_Xml" tests="12" failures="0" timestamp="04 Oct 2018 07:08:07 GMT" time="0.035" errors="0">
  <testcase name="test1" time="0.005" classname="testng_examples.Regular_Expression_Xml"/>
  <testcase name="test1" time="0.001" classname="testng_examples.Regular_Expression_Xml"/>
  <testcase name="test1" time="0.001" classname="testng_examples.Regular_Expression_Xml"/>
  <testcase name="test1" time="0.001" classname="testng_examples.Regular_Expression_Xml"/>
  <testcase name="test1" time="0.002" classname="testng_examples.Regular_Expression_Xml"/>
  <testcase name="teaa" time="0.009" classname="testng_examples.Regular_Expression_Xml"/>
  <testcase name="test1" time="0.002" classname="testng_examples.Regular_Expression_Xml"/>
  <testcase name="test1" time="0.001" classname="testng_examples.Regular_Expression_Xml"/>
  <testcase name="test1" time="0.005" classname="testng_examples.Regular_Expression_Xml"/>
  <testcase name="test1" time="0.003" classname="testng_examples.Regular_Expression_Xml"/>
  <testcase name="test2" time="0.002" classname="testng_examples.Regular_Expression_Xml"/>
  <testcase name="test1" time="0.003" classname="testng_examples.Regular_Expression_Xml"/>
</testsuite> <!-- testng_examples.Regular_Expression_Xml -->
