<?xml version="1.0" encoding="UTF-8"?>
<!-- Generated by org.testng.reporters.JUnitReportReporter -->
<testsuite skipped="0" hostname="TH1716" name="collections_examples.List_Example2" tests="1" failures="0" timestamp="27 Sep 2018 07:01:57 GMT" time="0.009" errors="0">
  <testcase name="test1" time="0.009" classname="collections_examples.List_Example2"/>
</testsuite> <!-- collections_examples.List_Example2 -->
