<?xml version="1.0" encoding="UTF-8"?>
<!-- Generated by org.testng.reporters.JUnitReportReporter -->
<testsuite skipped="0" hostname="TH1716" name="regular_expression.Example10" tests="1" failures="0" timestamp="19 Sep 2018 06:56:56 GMT" time="0.007" errors="0">
  <testcase name="test2" time="0.007" classname="regular_expression.Example10"/>
</testsuite> <!-- regular_expression.Example10 -->
