<?xml version="1.0" encoding="UTF-8"?>
<!-- Generated by org.testng.reporters.JUnitReportReporter -->
<testsuite skipped="0" hostname="TH1716" name="array_examples.Move_Zero_End" tests="1" failures="0" timestamp="12 Oct 2018 04:10:49 GMT" time="0.007" errors="0">
  <testcase name="move0_Begining" time="0.007" classname="array_examples.Move_Zero_End"/>
</testsuite> <!-- array_examples.Move_Zero_End -->
