<?xml version="1.0" encoding="UTF-8"?>
<!-- Generated by org.testng.reporters.JUnitReportReporter -->
<testsuite skipped="0" hostname="TH1716" name="collections_examples.List_Example1" tests="1" failures="0" timestamp="24 Sep 2018 05:38:56 GMT" time="0.006" errors="0">
  <testcase name="test2" time="0.006" classname="collections_examples.List_Example1"/>
</testsuite> <!-- collections_examples.List_Example1 -->
