<?xml version="1.0" encoding="UTF-8"?>
<!-- Generated by org.testng.reporters.JUnitReportReporter -->
<testsuite skipped="0" hostname="TH1716" name="testng_examples.TestNGGroups" tests="2" failures="0" timestamp="04 Oct 2018 06:06:29 GMT" time="0.008" errors="0">
  <testcase name="test1" time="0.007" classname="testng_examples.TestNGGroups"/>
  <testcase name="test3" time="0.001" classname="testng_examples.TestNGGroups"/>
</testsuite> <!-- testng_examples.TestNGGroups -->
