<?xml version="1.0" encoding="UTF-8"?>
<!-- Generated by org.testng.reporters.JUnitReportReporter -->
<testsuite skipped="0" hostname="TH1716" name="string_prg_SG.Example_1" tests="1" failures="0" timestamp="17 Sep 2018 08:28:15 GMT" time="0.007" errors="0">
  <testcase name="test1" time="0.007" classname="string_prg_SG.Example_1"/>
</testsuite> <!-- string_prg_SG.Example_1 -->
