<?xml version="1.0" encoding="UTF-8"?>
<!-- Generated by org.testng.reporters.JUnitReportReporter -->
<testsuite skipped="0" hostname="TH1716" name="array_examples.Odd_Count_Element" tests="1" failures="0" timestamp="12 Oct 2018 04:31:02 GMT" time="0.007" errors="0">
  <testcase name="test2" time="0.007" classname="array_examples.Odd_Count_Element"/>
</testsuite> <!-- array_examples.Odd_Count_Element -->
