<?xml version="1.0" encoding="UTF-8"?>
<!-- Generated by org.testng.reporters.JUnitReportReporter -->
<testsuite skipped="0" hostname="TH1716" name="array_examples.Second_largest" tests="1" failures="0" timestamp="25 Sep 2018 06:11:09 GMT" time="0.009" errors="0">
  <testcase name="test1" time="0.009" classname="array_examples.Second_largest"/>
</testsuite> <!-- array_examples.Second_largest -->
