<?xml version="1.0" encoding="UTF-8"?>
<!-- Generated by org.testng.reporters.JUnitReportReporter -->
<testsuite skipped="0" hostname="TH1716" name="general.Largest_three_Num" tests="1" failures="0" timestamp="24 Sep 2018 04:30:31 GMT" time="0.010" errors="0">
  <testcase name="test1" time="0.010" classname="general.Largest_three_Num"/>
</testsuite> <!-- general.Largest_three_Num -->
