<?xml version="1.0" encoding="UTF-8"?>
<!-- Generated by org.testng.reporters.JUnitReportReporter -->
<testsuite skipped="0" hostname="TH1716" name="confirmation_testsuit.Confirm_Customer" tests="1" failures="0" timestamp="09 Oct 2018 04:46:48 GMT" time="1289.500" errors="0">
  <testcase name="confirm_PA_MTN_cust" time="1289.500" classname="confirmation_testsuit.Confirm_Customer"/>
</testsuite> <!-- confirmation_testsuit.Confirm_Customer -->
